AnimalListing/app/build/intermediates/manifest_merge_blame_file/debug/manifest-merger-blame-debug-report.txt
1<?xml version="1.0" encoding="utf-8"?>
2<manifest xmlns:android="http://schemas.android.com/apk/res/android"
3    package="edu.sjsu.android.animallisting"
4    android:versionCode="1"
5    android:versionName="1.0" >
6
7    <uses-sdk
8        android:minSdkVersion="21"
8-->src/main/AndroidManifest.xml
9        android:targetSdkVersion="30" />
9-->src/main/AndroidManifest.xml
10
11    <uses-permission android:name="android.permission.CALL_PHONE" />
11-->src/main/AndroidManifest.xml:4:5-69
11-->src/main/AndroidManifest.xml:4:22-66
12    <uses-permission android:name="android.permission.INTERNET" />
12-->src/main/AndroidManifest.xml:5:5-67
12-->src/main/AndroidManifest.xml:5:22-64
13    <uses-permission android:name="android.permission.REQUEST_DELETE_PACKAGES" />
13-->src/main/AndroidManifest.xml:6:5-81
13-->src/main/AndroidManifest.xml:6:22-79
14
15    <application
15-->src/main/AndroidManifest.xml:8:5-29:19
16        android:allowBackup="true"
16-->src/main/AndroidManifest.xml:9:9-35
17        android:appComponentFactory="androidx.core.app.CoreComponentFactory"
17-->[androidx.core:core:1.3.1] AndroidManifest.xml:24:18-86
18        android:debuggable="true"
19        android:icon="@mipmap/ic_launcher"
19-->src/main/AndroidManifest.xml:10:9-43
20        android:label="@string/app_name"
20-->src/main/AndroidManifest.xml:11:9-41
21        android:roundIcon="@mipmap/ic_launcher_round"
21-->src/main/AndroidManifest.xml:12:9-54
22        android:supportsRtl="true"
22-->src/main/AndroidManifest.xml:13:9-35
23        android:testOnly="true"
24        android:theme="@style/AppTheme" >
24-->src/main/AndroidManifest.xml:14:9-40
25        <activity android:name="edu.sjsu.android.animallisting.MainActivity" >
25-->src/main/AndroidManifest.xml:15:9-21:20
25-->src/main/AndroidManifest.xml:15:19-47
26            <intent-filter>
26-->src/main/AndroidManifest.xml:16:13-20:29
27                <action android:name="android.intent.action.MAIN" />
27-->src/main/AndroidManifest.xml:17:17-69
27-->src/main/AndroidManifest.xml:17:25-66
28
29                <category android:name="android.intent.category.LAUNCHER" />
29-->src/main/AndroidManifest.xml:19:17-77
29-->src/main/AndroidManifest.xml:19:27-74
30            </intent-filter>
31        </activity>
32        <activity
32-->src/main/AndroidManifest.xml:22:9-24:20
33            android:name="edu.sjsu.android.animallisting.AnimalDetails"
33-->src/main/AndroidManifest.xml:22:19-48
34            android:parentActivityName="edu.sjsu.android.animallisting.MainActivity" >
34-->src/main/AndroidManifest.xml:23:13-55
35        </activity>
36        <activity
36-->src/main/AndroidManifest.xml:25:9-27:20
37            android:name="edu.sjsu.android.animallisting.ZooInfo"
37-->src/main/AndroidManifest.xml:25:19-42
38            android:parentActivityName="edu.sjsu.android.animallisting.MainActivity" >
38-->src/main/AndroidManifest.xml:26:13-55
39        </activity>
40    </application>
41
42</manifest>